<?xml version="1.0" encoding="UTF-8"?>
<!-- Generated by org.testng.reporters.JUnitReportReporter -->
<testsuite skipped="0" hostname="shree-PC" name="TestYantra.GITPracticeProject.Sample1Test" tests="1" failures="0" timestamp="2022-03-24T22:34:12 IST" time="0.020" errors="0">
  <testcase name="sample" time="0.020" classname="TestYantra.GITPracticeProject.Sample1Test"/>
  <system-out/>
</testsuite> <!-- TestYantra.GITPracticeProject.Sample1Test -->
